<?xml version="1.0" encoding="UTF-8"?>
<!-- Generated by org.testng.reporters.JUnitReportReporter -->
<testsuite skipped="0" hostname="hp" name="com.zoopla.qa.testcases.LoginPageTest" tests="2" failures="0" timestamp="22 May 2019 17:04:34 GMT" time="66.424" errors="0">
  <testcase name="titleTest" time="27.471" classname="com.zoopla.qa.testcases.LoginPageTest"/>
  <testcase name="loginTest" time="38.953" classname="com.zoopla.qa.testcases.LoginPageTest"/>
</testsuite> <!-- com.zoopla.qa.testcases.LoginPageTest -->
