<?xml version="1.0" encoding="UTF-8"?>
<!-- Generated by org.testng.reporters.JUnitReportReporter -->
<testsuite skipped="0" hostname="hp" name="com.zoopla.qa.testcases.LoginPageTest" tests="2" failures="0" timestamp="23 May 2019 14:54:39 GMT" time="95.521" errors="0">
  <testcase name="titleTest" time="35.614" classname="com.zoopla.qa.testcases.LoginPageTest"/>
  <testcase name="loginTest" time="59.907" classname="com.zoopla.qa.testcases.LoginPageTest"/>
</testsuite> <!-- com.zoopla.qa.testcases.LoginPageTest -->
